{"level":"info","message":"Servidor rodando na porta 3000 em modo development","service":"api-restaurante","timestamp":"2025-05-02T06:56:55.366Z"}
{"level":"info","message":"POST /api/auth/login - IP: ::1","service":"api-restaurante","timestamp":"2025-05-02T06:57:58.956Z"}
{"level":"info","message":"POST /api/auth/login - IP: ::1","service":"api-restaurante","timestamp":"2025-05-02T06:58:19.469Z"}
{"level":"error","message":"SyntaxError: Unexpected token ''', \"'{username:\" is not valid JSON\nSyntaxError: Unexpected token ''', \"'{username:\" is not valid JSON\n    at JSON.parse (<anonymous>)\n    at createStrictSyntaxError (C:\\Projects\\restaurante-app\\node_modules\\body-parser\\lib\\types\\json.js:156:10)\n    at parse (C:\\Projects\\restaurante-app\\node_modules\\body-parser\\lib\\types\\json.js:71:15)\n    at C:\\Projects\\restaurante-app\\node_modules\\body-parser\\lib\\read.js:123:18\n    at AsyncResource.runInAsyncScope (node:async_hooks:211:14)\n    at invokeCallback (C:\\Projects\\restaurante-app\\node_modules\\raw-body\\index.js:238:16)\n    at done (C:\\Projects\\restaurante-app\\node_modules\\raw-body\\index.js:227:7)\n    at IncomingMessage.onEnd (C:\\Projects\\restaurante-app\\node_modules\\raw-body\\index.js:287:7)\n    at IncomingMessage.emit (node:events:518:28)\n    at endReadableNT (node:internal/streams/readable:1698:12)","service":"api-restaurante","timestamp":"2025-05-02T06:59:23.892Z"}
{"level":"info","message":"POST /api/auth/login - IP: ::1","service":"api-restaurante","timestamp":"2025-05-02T07:00:37.066Z"}
{"level":"info","message":"POST /api/auth/login - IP: ::1","service":"api-restaurante","timestamp":"2025-05-02T07:00:51.537Z"}
{"level":"info","message":"POST /api/auth/login - IP: ::1","service":"api-restaurante","timestamp":"2025-05-02T07:01:22.427Z"}
{"level":"info","message":"POST /api/auth/login - IP: ::1","service":"api-restaurante","timestamp":"2025-05-02T07:01:44.599Z"}
{"level":"warn","message":"Limite de tentativas de login excedido - IP: ::1","service":"api-restaurante","timestamp":"2025-05-02T07:01:44.599Z"}
{"level":"info","message":"POST /api/auth/login - IP: ::1","service":"api-restaurante","timestamp":"2025-05-02T07:01:54.790Z"}
{"level":"warn","message":"Limite de tentativas de login excedido - IP: ::1","service":"api-restaurante","timestamp":"2025-05-02T07:01:54.791Z"}
{"level":"info","message":"Servidor rodando na porta 3000 em modo development","service":"api-restaurante","timestamp":"2025-05-02T07:04:40.492Z"}
{"level":"info","message":"POST /api/auth/login - IP: ::1","service":"api-restaurante","timestamp":"2025-05-02T07:06:33.686Z"}
{"level":"info","message":"POST /api/auth/login - IP: ::1","service":"api-restaurante","timestamp":"2025-05-02T07:06:43.368Z"}
{"level":"info","message":"POST /api/auth/login - IP: ::1","service":"api-restaurante","timestamp":"2025-05-02T07:06:47.855Z"}
{"level":"info","message":"GET /api/user - IP: ::1","service":"api-restaurante","timestamp":"2025-05-02T07:12:11.919Z"}
{"level":"info","message":"GET /api/user - IP: ::1","service":"api-restaurante","timestamp":"2025-05-02T07:12:26.811Z"}
{"level":"info","message":"GET /api/admin - IP: ::1","service":"api-restaurante","timestamp":"2025-05-02T07:14:38.122Z"}
{"level":"info","message":"GET /api/admin - IP: ::1","service":"api-restaurante","timestamp":"2025-05-02T07:15:08.808Z"}
{"level":"info","message":"GET /api/admin - IP: ::1","service":"api-restaurante","timestamp":"2025-05-02T07:15:46.219Z"}
{"level":"info","message":"Servidor rodando na porta 3000 em modo development","service":"api-restaurante","timestamp":"2025-05-02T07:17:45.132Z"}
{"level":"info","message":"GET /api/user - IP: ::1","service":"api-restaurante","timestamp":"2025-05-02T07:17:57.918Z"}
{"level":"info","message":"GET /api/admin - IP: ::1","service":"api-restaurante","timestamp":"2025-05-02T07:18:07.016Z"}
{"level":"info","message":"POST /api/auth/login - IP: ::1","service":"api-restaurante","timestamp":"2025-05-02T07:19:15.574Z"}
{"level":"info","message":"GET /api/admin - IP: ::1","service":"api-restaurante","timestamp":"2025-05-02T07:20:39.569Z"}
{"level":"info","message":"Servidor rodando na porta 3000 em modo development","service":"api-restaurante","timestamp":"2025-05-02T07:25:44.434Z"}
{"level":"info","message":"POST /api/auth/login - IP: ::1","service":"api-restaurante","timestamp":"2025-05-02T07:25:55.521Z"}
{"level":"info","message":"GET /api/admin - IP: ::1","service":"api-restaurante","timestamp":"2025-05-02T07:26:32.030Z"}
{"level":"info","message":"GET /api/admin - IP: ::1","service":"api-restaurante","timestamp":"2025-05-02T07:26:47.100Z"}
{"level":"info","message":"POST /api/auth/login - IP: ::1","service":"api-restaurante","timestamp":"2025-05-02T07:46:06.545Z"}
{"level":"info","message":"POST /api/auth/login - IP: ::1","service":"api-restaurante","timestamp":"2025-05-02T07:47:45.423Z"}
{"level":"info","message":"POST /api/auth/login - IP: ::1","service":"api-restaurante","timestamp":"2025-05-02T07:47:52.162Z"}
{"level":"info","message":"Servidor rodando na porta 3000 em modo development","service":"api-restaurante","timestamp":"2025-05-02T07:48:16.973Z"}
{"level":"info","message":"Servidor rodando na porta 3000 em modo development","service":"api-restaurante","timestamp":"2025-05-02T07:48:23.445Z"}
{"level":"info","message":"POST /api/auth/login - IP: ::1","service":"api-restaurante","timestamp":"2025-05-02T07:48:37.606Z"}
{"level":"info","message":"POST /api/auth/login - IP: ::1","service":"api-restaurante","timestamp":"2025-05-02T08:01:57.787Z"}
{"level":"info","message":"POST /api/auth/logout - IP: ::1","service":"api-restaurante","timestamp":"2025-05-02T08:02:20.157Z"}
{"level":"info","message":"POST /api/auth/logout - IP: ::1","service":"api-restaurante","timestamp":"2025-05-02T08:02:20.158Z"}
{"level":"info","message":"POST /api/auth/login - IP: ::1","service":"api-restaurante","timestamp":"2025-05-02T08:03:02.753Z"}
{"level":"info","message":"POST /api/auth/logout - IP: ::1","service":"api-restaurante","timestamp":"2025-05-02T08:03:14.444Z"}
{"level":"info","message":"POST /api/auth/logout - IP: ::1","service":"api-restaurante","timestamp":"2025-05-02T08:03:14.446Z"}
{"level":"info","message":"POST /api/auth/login - IP: ::1","service":"api-restaurante","timestamp":"2025-05-02T08:03:26.292Z"}
{"level":"info","message":"POST /api/auth/login - IP: ::1","service":"api-restaurante","timestamp":"2025-05-02T08:03:28.616Z"}
{"level":"info","message":"POST /api/auth/login - IP: ::1","service":"api-restaurante","timestamp":"2025-05-02T08:03:29.576Z"}
{"level":"warn","message":"Limite de tentativas de login excedido - IP: ::1","service":"api-restaurante","timestamp":"2025-05-02T08:03:29.577Z"}
{"level":"info","message":"POST /api/auth/login - IP: ::1","service":"api-restaurante","timestamp":"2025-05-02T08:03:33.403Z"}
{"level":"warn","message":"Limite de tentativas de login excedido - IP: ::1","service":"api-restaurante","timestamp":"2025-05-02T08:03:33.403Z"}
{"level":"info","message":"POST /api/auth/login - IP: ::1","service":"api-restaurante","timestamp":"2025-05-02T08:03:38.066Z"}
{"level":"info","message":"POST /api/auth/logout - IP: ::1","service":"api-restaurante","timestamp":"2025-05-02T08:03:42.259Z"}
{"level":"info","message":"POST /api/auth/logout - IP: ::1","service":"api-restaurante","timestamp":"2025-05-02T08:03:42.261Z"}
{"level":"info","message":"POST /api/auth/login - IP: ::1","service":"api-restaurante","timestamp":"2025-05-02T08:03:47.285Z"}
{"level":"info","message":"POST /api/auth/login - IP: ::1","service":"api-restaurante","timestamp":"2025-05-02T08:03:48.899Z"}
{"level":"info","message":"POST /api/auth/login - IP: ::1","service":"api-restaurante","timestamp":"2025-05-02T08:03:49.858Z"}
{"level":"info","message":"POST /api/auth/login - IP: ::1","service":"api-restaurante","timestamp":"2025-05-02T08:03:50.596Z"}
{"level":"info","message":"POST /api/auth/login - IP: ::1","service":"api-restaurante","timestamp":"2025-05-02T08:03:51.290Z"}
{"level":"warn","message":"Limite de tentativas de login excedido - IP: ::1","service":"api-restaurante","timestamp":"2025-05-02T08:03:51.290Z"}
{"level":"info","message":"POST /api/auth/login - IP: ::1","service":"api-restaurante","timestamp":"2025-05-02T08:03:54.066Z"}
{"level":"warn","message":"Limite de tentativas de login excedido - IP: ::1","service":"api-restaurante","timestamp":"2025-05-02T08:03:54.067Z"}
{"level":"info","message":"POST /api/auth/login - IP: ::1","service":"api-restaurante","timestamp":"2025-05-02T08:03:54.964Z"}
{"level":"warn","message":"Limite de tentativas de login excedido - IP: ::1","service":"api-restaurante","timestamp":"2025-05-02T08:03:54.965Z"}
{"level":"info","message":"POST /api/auth/login - IP: ::1","service":"api-restaurante","timestamp":"2025-05-02T08:03:55.578Z"}
{"level":"warn","message":"Limite de tentativas de login excedido - IP: ::1","service":"api-restaurante","timestamp":"2025-05-02T08:03:55.579Z"}
{"level":"info","message":"POST /api/auth/login - IP: ::1","service":"api-restaurante","timestamp":"2025-05-02T08:03:56.323Z"}
{"level":"warn","message":"Limite de tentativas de login excedido - IP: ::1","service":"api-restaurante","timestamp":"2025-05-02T08:03:56.324Z"}
{"level":"info","message":"POST /api/auth/login - IP: ::1","service":"api-restaurante","timestamp":"2025-05-02T08:03:57.604Z"}
{"level":"warn","message":"Limite de tentativas de login excedido - IP: ::1","service":"api-restaurante","timestamp":"2025-05-02T08:03:57.604Z"}
{"level":"info","message":"POST /api/auth/login - IP: ::1","service":"api-restaurante","timestamp":"2025-05-02T08:03:58.107Z"}
{"level":"warn","message":"Limite de tentativas de login excedido - IP: ::1","service":"api-restaurante","timestamp":"2025-05-02T08:03:58.108Z"}
{"level":"info","message":"POST /api/auth/login - IP: ::1","service":"api-restaurante","timestamp":"2025-05-02T08:03:58.544Z"}
{"level":"warn","message":"Limite de tentativas de login excedido - IP: ::1","service":"api-restaurante","timestamp":"2025-05-02T08:03:58.545Z"}
{"level":"info","message":"POST /api/auth/login - IP: ::1","service":"api-restaurante","timestamp":"2025-05-02T08:03:59.007Z"}
{"level":"warn","message":"Limite de tentativas de login excedido - IP: ::1","service":"api-restaurante","timestamp":"2025-05-02T08:03:59.008Z"}
{"level":"info","message":"POST /api/auth/login - IP: ::1","service":"api-restaurante","timestamp":"2025-05-02T08:03:59.872Z"}
{"level":"warn","message":"Limite de tentativas de login excedido - IP: ::1","service":"api-restaurante","timestamp":"2025-05-02T08:03:59.873Z"}
{"level":"info","message":"POST /api/auth/login - IP: ::1","service":"api-restaurante","timestamp":"2025-05-02T08:04:00.538Z"}
{"level":"warn","message":"Limite de tentativas de login excedido - IP: ::1","service":"api-restaurante","timestamp":"2025-05-02T08:04:00.539Z"}
{"level":"info","message":"POST /api/auth/login - IP: ::1","service":"api-restaurante","timestamp":"2025-05-02T08:04:06.191Z"}
{"level":"warn","message":"Limite de tentativas de login excedido - IP: ::1","service":"api-restaurante","timestamp":"2025-05-02T08:04:06.192Z"}
{"level":"info","message":"POST /api/auth/login - IP: ::1","service":"api-restaurante","timestamp":"2025-05-02T08:04:13.138Z"}
{"level":"warn","message":"Limite de tentativas de login excedido - IP: ::1","service":"api-restaurante","timestamp":"2025-05-02T08:04:13.138Z"}
{"level":"info","message":"Servidor rodando na porta 3000 em modo development","service":"api-restaurante","timestamp":"2025-05-02T08:04:22.663Z"}
{"level":"info","message":"POST /api/auth/login - IP: ::1","service":"api-restaurante","timestamp":"2025-05-02T08:04:28.448Z"}
{"level":"info","message":"POST /api/auth/logout - IP: ::1","service":"api-restaurante","timestamp":"2025-05-02T08:06:27.507Z"}
{"level":"info","message":"POST /api/auth/logout - IP: ::1","service":"api-restaurante","timestamp":"2025-05-02T08:06:27.509Z"}
{"level":"info","message":"POST /api/auth/login - IP: ::1","service":"api-restaurante","timestamp":"2025-05-02T08:06:37.637Z"}
{"level":"info","message":"POST /api/auth/logout - IP: ::1","service":"api-restaurante","timestamp":"2025-05-02T08:10:01.240Z"}
{"level":"info","message":"POST /api/auth/logout - IP: ::1","service":"api-restaurante","timestamp":"2025-05-02T08:10:01.242Z"}
{"level":"info","message":"POST /api/auth/login - IP: ::1","service":"api-restaurante","timestamp":"2025-05-02T08:10:05.845Z"}
{"level":"info","message":"POST /api/auth/logout - IP: ::1","service":"api-restaurante","timestamp":"2025-05-02T08:10:17.555Z"}
{"level":"info","message":"POST /api/auth/logout - IP: ::1","service":"api-restaurante","timestamp":"2025-05-02T08:10:17.558Z"}
{"level":"info","message":"POST /api/auth/login - IP: ::1","service":"api-restaurante","timestamp":"2025-05-02T08:10:28.222Z"}
{"level":"info","message":"POST /api/auth/login - IP: ::1","service":"api-restaurante","timestamp":"2025-05-02T08:10:32.420Z"}
{"level":"info","message":"POST /api/auth/logout - IP: ::1","service":"api-restaurante","timestamp":"2025-05-02T08:11:19.693Z"}
{"level":"info","message":"POST /api/auth/logout - IP: ::1","service":"api-restaurante","timestamp":"2025-05-02T08:11:19.695Z"}
{"level":"info","message":"POST /api/auth/login - IP: ::1","service":"api-restaurante","timestamp":"2025-05-02T08:11:27.747Z"}
{"level":"warn","message":"Limite de tentativas de login excedido - IP: ::1","service":"api-restaurante","timestamp":"2025-05-02T08:11:27.748Z"}
{"level":"info","message":"Servidor rodando na porta 3000 em modo development","service":"api-restaurante","timestamp":"2025-05-02T08:11:44.194Z"}
{"level":"info","message":"POST /api/auth/login - IP: ::1","service":"api-restaurante","timestamp":"2025-05-02T08:11:47.248Z"}
{"level":"info","message":"POST /api/auth/logout - IP: ::1","service":"api-restaurante","timestamp":"2025-05-02T08:12:21.958Z"}
{"level":"info","message":"POST /api/auth/logout - IP: ::1","service":"api-restaurante","timestamp":"2025-05-02T08:12:21.960Z"}
{"level":"info","message":"POST /api/auth/login - IP: ::1","service":"api-restaurante","timestamp":"2025-05-02T08:12:27.048Z"}
{"level":"info","message":"POST /api/auth/login - IP: ::1","service":"api-restaurante","timestamp":"2025-05-02T08:35:56.674Z"}
{"level":"info","message":"POST /api/auth/logout - IP: ::1","service":"api-restaurante","timestamp":"2025-05-02T08:36:02.297Z"}
{"level":"info","message":"POST /api/auth/logout - IP: ::1","service":"api-restaurante","timestamp":"2025-05-02T08:36:02.302Z"}
{"level":"info","message":"POST /api/auth/login - IP: ::1","service":"api-restaurante","timestamp":"2025-05-02T08:36:36.616Z"}
{"level":"info","message":"POST /api/auth/login - IP: ::1","service":"api-restaurante","timestamp":"2025-05-02T08:37:25.265Z"}
{"level":"info","message":"POST /api/auth/login - IP: ::1","service":"api-restaurante","timestamp":"2025-05-02T08:37:31.543Z"}
{"level":"info","message":"POST /api/auth/logout - IP: ::1","service":"api-restaurante","timestamp":"2025-05-02T08:38:02.007Z"}
{"level":"info","message":"POST /api/auth/logout - IP: ::1","service":"api-restaurante","timestamp":"2025-05-02T08:38:02.009Z"}
{"level":"info","message":"POST /api/auth/login - IP: ::1","service":"api-restaurante","timestamp":"2025-05-02T08:45:08.584Z"}
{"level":"info","message":"POST /api/auth/logout - IP: ::1","service":"api-restaurante","timestamp":"2025-05-02T08:45:34.022Z"}
{"level":"info","message":"POST /api/auth/logout - IP: ::1","service":"api-restaurante","timestamp":"2025-05-02T08:45:34.024Z"}
{"level":"info","message":"POST /api/auth/login - IP: ::1","service":"api-restaurante","timestamp":"2025-05-02T08:45:40.901Z"}
{"level":"warn","message":"Limite de tentativas de login excedido - IP: ::1","service":"api-restaurante","timestamp":"2025-05-02T08:45:40.902Z"}
{"level":"info","message":"POST /api/auth/login - IP: ::1","service":"api-restaurante","timestamp":"2025-05-02T08:47:05.568Z"}
{"level":"warn","message":"Limite de tentativas de login excedido - IP: ::1","service":"api-restaurante","timestamp":"2025-05-02T08:47:05.569Z"}
{"level":"info","message":"POST /api/auth/login - IP: ::1","service":"api-restaurante","timestamp":"2025-05-02T08:47:11.785Z"}
{"level":"warn","message":"Limite de tentativas de login excedido - IP: ::1","service":"api-restaurante","timestamp":"2025-05-02T08:47:11.786Z"}
{"level":"info","message":"Servidor rodando na porta 3000 em modo development","service":"api-restaurante","timestamp":"2025-05-02T08:47:21.434Z"}
{"level":"info","message":"POST /api/auth/login - IP: ::1","service":"api-restaurante","timestamp":"2025-05-02T08:47:37.935Z"}
{"level":"info","message":"POST /api/auth/logout - IP: ::1","service":"api-restaurante","timestamp":"2025-05-02T08:48:06.582Z"}
{"level":"info","message":"POST /api/auth/logout - IP: ::1","service":"api-restaurante","timestamp":"2025-05-02T08:48:06.585Z"}
{"level":"info","message":"POST /api/auth/login - IP: ::1","service":"api-restaurante","timestamp":"2025-05-02T08:48:26.330Z"}
{"level":"info","message":"POST /api/auth/logout - IP: ::1","service":"api-restaurante","timestamp":"2025-05-02T08:49:13.742Z"}
{"level":"info","message":"POST /api/auth/logout - IP: ::1","service":"api-restaurante","timestamp":"2025-05-02T08:49:13.744Z"}
{"level":"info","message":"POST /api/auth/login - IP: ::1","service":"api-restaurante","timestamp":"2025-05-02T08:50:04.434Z"}
{"level":"info","message":"POST /api/auth/logout - IP: ::1","service":"api-restaurante","timestamp":"2025-05-02T09:26:28.219Z"}
{"level":"info","message":"POST /api/auth/logout - IP: ::1","service":"api-restaurante","timestamp":"2025-05-02T09:26:28.224Z"}
{"level":"info","message":"Servidor rodando na porta 3000 em modo development","service":"api-restaurante","timestamp":"2025-05-02T09:26:58.675Z"}
{"level":"info","message":"POST /api/auth/login - IP: ::1","service":"api-restaurante","timestamp":"2025-05-02T09:27:01.758Z"}
{"level":"info","message":"Servidor rodando na porta 3000 em modo development","service":"api-restaurante","timestamp":"2025-05-07T01:40:06.546Z"}
{"level":"info","message":"POST /api/auth/login - IP: ::1","service":"api-restaurante","timestamp":"2025-05-07T01:40:15.676Z"}
{"level":"info","message":"POST /api/auth/logout - IP: ::1","service":"api-restaurante","timestamp":"2025-05-07T01:40:49.180Z"}
{"level":"info","message":"POST /api/auth/logout - IP: ::1","service":"api-restaurante","timestamp":"2025-05-07T01:40:49.183Z"}
{"level":"info","message":"POST /api/auth/login - IP: ::1","service":"api-restaurante","timestamp":"2025-05-07T01:41:01.021Z"}
{"level":"info","message":"POST /api/auth/logout - IP: ::1","service":"api-restaurante","timestamp":"2025-05-07T01:45:28.365Z"}
{"level":"info","message":"POST /api/auth/logout - IP: ::1","service":"api-restaurante","timestamp":"2025-05-07T01:45:28.367Z"}
{"level":"info","message":"POST /api/auth/login - IP: ::1","service":"api-restaurante","timestamp":"2025-05-07T01:45:38.182Z"}
{"level":"info","message":"POST /api/auth/logout - IP: ::1","service":"api-restaurante","timestamp":"2025-05-07T02:08:58.813Z"}
{"level":"info","message":"POST /api/auth/logout - IP: ::1","service":"api-restaurante","timestamp":"2025-05-07T02:08:58.819Z"}
{"level":"info","message":"POST /api/auth/login - IP: ::1","service":"api-restaurante","timestamp":"2025-05-07T02:09:09.239Z"}
{"level":"info","message":"POST /api/auth/login - IP: ::1","service":"api-restaurante","timestamp":"2025-05-07T02:31:17.470Z"}
{"level":"info","message":"POST /api/auth/logout - IP: ::1","service":"api-restaurante","timestamp":"2025-05-07T03:01:39.371Z"}
{"level":"info","message":"POST /api/auth/login - IP: ::1","service":"api-restaurante","timestamp":"2025-05-07T03:01:50.330Z"}
{"level":"info","message":"POST /api/auth/login - IP: ::1","service":"api-restaurante","timestamp":"2025-05-07T03:25:36.134Z"}
{"level":"info","message":"POST /api/auth/login - IP: ::1","service":"api-restaurante","timestamp":"2025-05-07T03:28:07.145Z"}
{"level":"info","message":"Servidor rodando na porta 3000 em modo development","service":"api-restaurante","timestamp":"2025-05-07T03:46:17.430Z"}
{"level":"info","message":"POST /api/auth/login - IP: ::1","service":"api-restaurante","timestamp":"2025-05-07T03:46:42.455Z"}
{"level":"info","message":"POST /api/auth/login - IP: ::1","service":"api-restaurante","timestamp":"2025-05-07T04:03:25.624Z"}
{"level":"info","message":"POST /api/auth/login - IP: ::1","service":"api-restaurante","timestamp":"2025-05-07T04:04:44.278Z"}
